2009.07.03 01:03 B D:\CMS_NEU\customsicherungen\custom\design\background.png <-- gothia /www/custom/design background.png
2009.07.03 01:03 B D:\CMS_NEU\customsicherungen\custom\design\background.psd <-- gothia /www/custom/design background.psd
2009.07.03 01:03 B D:\CMS_NEU\customsicherungen\custom\design\background2.png <-- gothia /www/custom/design background2.png
2009.07.03 01:03 B D:\CMS_NEU\customsicherungen\custom\design\background_bac.png <-- gothia /www/custom/design background_bac.png
2009.07.03 01:03 B D:\CMS_NEU\customsicherungen\custom\design\background_okto.png <-- gothia /www/custom/design background_okto.png
2009.07.03 01:03 B D:\CMS_NEU\customsicherungen\custom\design\favicon.ico <-- gothia /www/custom/design favicon.ico
2009.07.03 01:03 B D:\CMS_NEU\customsicherungen\custom\design\style.css <-- gothia /www/custom/design style.css
2009.07.03 01:03 B D:\CMS_NEU\customsicherungen\custom\design\topheader.png <-- gothia /www/custom/design topheader.png
2009.07.03 01:03 B D:\CMS_NEU\customsicherungen\custom\design\topheader.psd <-- gothia /www/custom/design topheader.psd
2009.07.03 01:03 B D:\CMS_NEU\customsicherungen\custom\design\topheader_bac.png <-- gothia /www/custom/design topheader_bac.png
2009.07.03 01:04 B D:\CMS_NEU\customsicherungen\custom\design\topleft.png <-- gothia /www/custom/design topleft.png
2009.07.03 01:04 B D:\CMS_NEU\customsicherungen\custom\design\topleft_bac.psd <-- gothia /www/custom/design topleft_bac.psd
2009.07.03 01:12 B D:\CMS_NEU\customsicherungen\custom\design\background2.png --> ftp.avgothia.de /webseiten/custom/design background2.png
2009.07.03 01:12 B D:\CMS_NEU\customsicherungen\custom\design\background_bac.png --> ftp.avgothia.de /webseiten/custom/design background_bac.png
2009.07.03 01:12 B D:\CMS_NEU\customsicherungen\custom\design\background_okto.png --> ftp.avgothia.de /webseiten/custom/design background_okto.png
2009.07.03 01:12 B D:\CMS_NEU\customsicherungen\custom\design\topheader_bac.png --> ftp.avgothia.de /webseiten/custom/design topheader_bac.png
2009.07.03 01:12 B D:\CMS_NEU\customsicherungen\custom\design\topleft_bac.psd --> ftp.avgothia.de /webseiten/custom/design topleft_bac.psd
2009.07.03 01:12 B D:\CMS_NEU\customsicherungen\custom\design\WS_FTP.LOG --> ftp.avgothia.de /webseiten/custom/design WS_FTP.LOG
2009.07.03 01:45 B D:\CMS_NEU\customsicherungen\custom\design\background.png --> ftp.avgothia.de /webseiten/custom/design background.png
2009.07.03 01:45 B D:\CMS_NEU\customsicherungen\custom\design\background.psd --> ftp.avgothia.de /webseiten/custom/design background.psd
2009.07.03 01:45 B D:\CMS_NEU\customsicherungen\custom\design\background2.png --> ftp.avgothia.de /webseiten/custom/design background2.png
2009.07.03 01:45 B D:\CMS_NEU\customsicherungen\custom\design\background_bac.png --> ftp.avgothia.de /webseiten/custom/design background_bac.png
2009.07.03 01:45 B D:\CMS_NEU\customsicherungen\custom\design\background_okto.png --> ftp.avgothia.de /webseiten/custom/design background_okto.png
2009.07.03 01:45 B D:\CMS_NEU\customsicherungen\custom\design\favicon.ico --> ftp.avgothia.de /webseiten/custom/design favicon.ico
2009.07.03 01:45 B D:\CMS_NEU\customsicherungen\custom\design\style.css --> ftp.avgothia.de /webseiten/custom/design style.css
2009.07.03 01:45 B D:\CMS_NEU\customsicherungen\custom\design\topheader.png --> ftp.avgothia.de /webseiten/custom/design topheader.png
2009.07.03 01:45 B D:\CMS_NEU\customsicherungen\custom\design\topheader.psd --> ftp.avgothia.de /webseiten/custom/design topheader.psd
2009.07.03 01:45 B D:\CMS_NEU\customsicherungen\custom\design\topheader_bac.png --> ftp.avgothia.de /webseiten/custom/design topheader_bac.png
2009.07.03 01:45 B D:\CMS_NEU\customsicherungen\custom\design\topleft.png --> ftp.avgothia.de /webseiten/custom/design topleft.png
2009.07.03 01:45 B D:\CMS_NEU\customsicherungen\custom\design\topleft_bac.psd --> ftp.avgothia.de /webseiten/custom/design topleft_bac.psd
